2025-03-21 02:35:39 startup archives install
2025-03-21 02:35:39 install libudev1:amd64 <none> 256.5-2ubuntu3
2025-03-21 02:35:39 status half-installed libudev1:amd64 256.5-2ubuntu3
2025-03-21 02:35:39 status unpacked libudev1:amd64 256.5-2ubuntu3
2025-03-21 02:35:39 install hostname:amd64 <none> 3.23+nmu2ubuntu2
2025-03-21 02:35:39 status half-installed hostname:amd64 3.23+nmu2ubuntu2
2025-03-21 02:35:39 status unpacked hostname:amd64 3.23+nmu2ubuntu2
2025-03-21 02:35:39 install libattr1:amd64 <none> 1:2.5.2-1build2
2025-03-21 02:35:39 status half-installed libattr1:amd64 1:2.5.2-1build2
2025-03-21 02:35:39 status unpacked libattr1:amd64 1:2.5.2-1build2
2025-03-21 02:35:39 install libpam0g:amd64 <none> 1.5.3-7ubuntu2
2025-03-21 02:35:39 status half-installed libpam0g:amd64 1.5.3-7ubuntu2
2025-03-21 02:35:39 status unpacked libpam0g:amd64 1.5.3-7ubuntu2
2025-03-21 02:35:39 install tar:amd64 <none> 1.35+dfsg-3build1
2025-03-21 02:35:39 status half-installed tar:amd64 1.35+dfsg-3build1
2025-03-21 02:35:39 status unpacked tar:amd64 1.35+dfsg-3build1
2025-03-21 02:35:39 install util-linux:amd64 <none> 2.40.2-1ubuntu1
2025-03-21 02:35:39 status half-installed util-linux:amd64 2.40.2-1ubuntu1
2025-03-21 02:35:39 status unpacked util-linux:amd64 2.40.2-1ubuntu1
2025-03-21 02:35:39 install libaudit-common:all <none> 1:4.0.1-1ubuntu2
2025-03-21 02:35:39 status half-installed libaudit-common:all 1:4.0.1-1ubuntu2
2025-03-21 02:35:39 status unpacked libaudit-common:all 1:4.0.1-1ubuntu2
2025-03-21 02:35:39 install libc6:amd64 <none> 2.40-1ubuntu3
2025-03-21 02:35:39 status half-installed libc6:amd64 2.40-1ubuntu3
2025-03-21 02:35:39 status unpacked libc6:amd64 2.40-1ubuntu3
2025-03-21 02:35:39 install dpkg:amd64 <none> 1.22.11ubuntu1
2025-03-21 02:35:39 status half-installed dpkg:amd64 1.22.11ubuntu1
2025-03-21 02:35:40 status unpacked dpkg:amd64 1.22.11ubuntu1
2025-03-21 02:35:40 install gzip:amd64 <none> 1.12-1.1ubuntu1
2025-03-21 02:35:40 status half-installed gzip:amd64 1.12-1.1ubuntu1
2025-03-21 02:35:40 status unpacked gzip:amd64 1.12-1.1ubuntu1
2025-03-21 02:35:40 install debianutils:amd64 <none> 5.20
2025-03-21 02:35:40 status half-installed debianutils:amd64 5.20
2025-03-21 02:35:40 status unpacked debianutils:amd64 5.20
2025-03-21 02:35:40 install liblzma5:amd64 <none> 5.6.2-2
2025-03-21 02:35:40 status half-installed liblzma5:amd64 5.6.2-2
2025-03-21 02:35:40 status unpacked liblzma5:amd64 5.6.2-2
2025-03-21 02:35:40 install libzstd1:amd64 <none> 1.5.6+dfsg-1
2025-03-21 02:35:40 status half-installed libzstd1:amd64 1.5.6+dfsg-1
2025-03-21 02:35:40 status unpacked libzstd1:amd64 1.5.6+dfsg-1
2025-03-21 02:35:40 install perl-base:amd64 <none> 5.38.2-5
2025-03-21 02:35:40 status half-installed perl-base:amd64 5.38.2-5
2025-03-21 02:35:40 status unpacked perl-base:amd64 5.38.2-5
2025-03-21 02:35:40 install libgmp10:amd64 <none> 2:6.3.0+dfsg-2ubuntu7
2025-03-21 02:35:40 status half-installed libgmp10:amd64 2:6.3.0+dfsg-2ubuntu7
2025-03-21 02:35:40 status unpacked libgmp10:amd64 2:6.3.0+dfsg-2ubuntu7
2025-03-21 02:35:40 install libselinux1:amd64 <none> 3.5-2ubuntu5
2025-03-21 02:35:40 status half-installed libselinux1:amd64 3.5-2ubuntu5
2025-03-21 02:35:40 status unpacked libselinux1:amd64 3.5-2ubuntu5
2025-03-21 02:35:40 install libaudit1:amd64 <none> 1:4.0.1-1ubuntu2
2025-03-21 02:35:40 status half-installed libaudit1:amd64 1:4.0.1-1ubuntu2
2025-03-21 02:35:40 status unpacked libaudit1:amd64 1:4.0.1-1ubuntu2
2025-03-21 02:35:40 install bash:amd64 <none> 5.2.32-1ubuntu1
2025-03-21 02:35:40 status half-installed bash:amd64 5.2.32-1ubuntu1
2025-03-21 02:35:40 status unpacked bash:amd64 5.2.32-1ubuntu1
2025-03-21 02:35:40 install libmd0:amd64 <none> 1.1.0-2build2
2025-03-21 02:35:40 status half-installed libmd0:amd64 1.1.0-2build2
2025-03-21 02:35:40 status unpacked libmd0:amd64 1.1.0-2build2
2025-03-21 02:35:40 install libbz2-1.0:amd64 <none> 1.0.8-6
2025-03-21 02:35:40 status half-installed libbz2-1.0:amd64 1.0.8-6
2025-03-21 02:35:40 status unpacked libbz2-1.0:amd64 1.0.8-6
2025-03-21 02:35:40 install sed:amd64 <none> 4.9-2build1
2025-03-21 02:35:40 status half-installed sed:amd64 4.9-2build1
2025-03-21 02:35:41 status unpacked sed:amd64 4.9-2build1
2025-03-21 02:35:41 install libcrypt1:amd64 <none> 1:4.4.36-4build1
2025-03-21 02:35:41 status half-installed libcrypt1:amd64 1:4.4.36-4build1
2025-03-21 02:35:41 status unpacked libcrypt1:amd64 1:4.4.36-4build1
2025-03-21 02:35:41 install bsdutils:amd64 <none> 1:2.40.2-1ubuntu1
2025-03-21 02:35:41 status half-installed bsdutils:amd64 1:2.40.2-1ubuntu1
2025-03-21 02:35:41 status unpacked bsdutils:amd64 1:2.40.2-1ubuntu1
2025-03-21 02:35:41 install mawk:amd64 <none> 1.3.4.20240622-2
2025-03-21 02:35:41 status half-installed mawk:amd64 1.3.4.20240622-2
2025-03-21 02:35:42 status unpacked mawk:amd64 1.3.4.20240622-2
2025-03-21 02:35:42 install libsystemd0:amd64 <none> 256.5-2ubuntu3
2025-03-21 02:35:42 status half-installed libsystemd0:amd64 256.5-2ubuntu3
2025-03-21 02:35:42 status unpacked libsystemd0:amd64 256.5-2ubuntu3
2025-03-21 02:35:42 install libpcre2-8-0:amd64 <none> 10.42-4ubuntu3
2025-03-21 02:35:42 status half-installed libpcre2-8-0:amd64 10.42-4ubuntu3
2025-03-21 02:35:42 status unpacked libpcre2-8-0:amd64 10.42-4ubuntu3
2025-03-21 02:35:42 install init-system-helpers:all <none> 1.66ubuntu1
2025-03-21 02:35:42 status half-installed init-system-helpers:all 1.66ubuntu1
2025-03-21 02:35:42 status unpacked init-system-helpers:all 1.66ubuntu1
2025-03-21 02:35:42 install libpam-modules:amd64 <none> 1.5.3-7ubuntu2
2025-03-21 02:35:42 status half-installed libpam-modules:amd64 1.5.3-7ubuntu2
2025-03-21 02:35:43 status unpacked libpam-modules:amd64 1.5.3-7ubuntu2
2025-03-21 02:35:43 install base-passwd:amd64 <none> 3.6.4
2025-03-21 02:35:43 status half-installed base-passwd:amd64 3.6.4
2025-03-21 02:35:43 status unpacked base-passwd:amd64 3.6.4
2025-03-21 02:35:43 install libmount1:amd64 <none> 2.40.2-1ubuntu1
2025-03-21 02:35:43 status half-installed libmount1:amd64 2.40.2-1ubuntu1
2025-03-21 02:35:43 status unpacked libmount1:amd64 2.40.2-1ubuntu1
2025-03-21 02:35:43 install libpam-modules-bin:amd64 <none> 1.5.3-7ubuntu2
2025-03-21 02:35:43 status half-installed libpam-modules-bin:amd64 1.5.3-7ubuntu2
2025-03-21 02:35:43 status unpacked libpam-modules-bin:amd64 1.5.3-7ubuntu2
2025-03-21 02:35:43 install libtinfo6:amd64 <none> 6.5-2
2025-03-21 02:35:43 status half-installed libtinfo6:amd64 6.5-2
2025-03-21 02:35:43 status unpacked libtinfo6:amd64 6.5-2
2025-03-21 02:35:43 install libdb5.3t64:amd64 <none> 5.3.28+dfsg2-7
2025-03-21 02:35:43 status half-installed libdb5.3t64:amd64 5.3.28+dfsg2-7
2025-03-21 02:35:43 status unpacked libdb5.3t64:amd64 5.3.28+dfsg2-7
2025-03-21 02:35:43 install zlib1g:amd64 <none> 1:1.3.dfsg+really1.3.1-1ubuntu1
2025-03-21 02:35:43 status half-installed zlib1g:amd64 1:1.3.dfsg+really1.3.1-1ubuntu1
2025-03-21 02:35:43 status unpacked zlib1g:amd64 1:1.3.dfsg+really1.3.1-1ubuntu1
2025-03-21 02:35:43 install libacl1:amd64 <none> 2.3.2-2
2025-03-21 02:35:43 status half-installed libacl1:amd64 2.3.2-2
2025-03-21 02:35:43 status unpacked libacl1:amd64 2.3.2-2
2025-03-21 02:35:43 install gcc-14-base:amd64 <none> 14.2.0-4ubuntu2
2025-03-21 02:35:43 status half-installed gcc-14-base:amd64 14.2.0-4ubuntu2
2025-03-21 02:35:43 status unpacked gcc-14-base:amd64 14.2.0-4ubuntu2
2025-03-21 02:35:43 install sysvinit-utils:amd64 <none> 3.08-6ubuntu3
2025-03-21 02:35:43 status half-installed sysvinit-utils:amd64 3.08-6ubuntu3
2025-03-21 02:35:43 status unpacked sysvinit-utils:amd64 3.08-6ubuntu3
2025-03-21 02:35:43 install diffutils:amd64 <none> 1:3.10-1build1
2025-03-21 02:35:43 status half-installed diffutils:amd64 1:3.10-1build1
2025-03-21 02:35:43 status unpacked diffutils:amd64 1:3.10-1build1
2025-03-21 02:35:43 install libcap2:amd64 <none> 1:2.66-5ubuntu3
2025-03-21 02:35:43 status half-installed libcap2:amd64 1:2.66-5ubuntu3
2025-03-21 02:35:43 status unpacked libcap2:amd64 1:2.66-5ubuntu3
2025-03-21 02:35:43 install libdebconfclient0:amd64 <none> 0.272ubuntu1
2025-03-21 02:35:43 status half-installed libdebconfclient0:amd64 0.272ubuntu1
2025-03-21 02:35:43 status unpacked libdebconfclient0:amd64 0.272ubuntu1
2025-03-21 02:35:43 install dash:amd64 <none> 0.5.12-9ubuntu1
2025-03-21 02:35:43 status half-installed dash:amd64 0.5.12-9ubuntu1
2025-03-21 02:35:43 status unpacked dash:amd64 0.5.12-9ubuntu1
2025-03-21 02:35:43 install libssl3t64:amd64 <none> 3.3.1-2ubuntu2
2025-03-21 02:35:43 status half-installed libssl3t64:amd64 3.3.1-2ubuntu2
2025-03-21 02:35:43 status unpacked libssl3t64:amd64 3.3.1-2ubuntu2
2025-03-21 02:35:43 install libgcc-s1:amd64 <none> 14.2.0-4ubuntu2
2025-03-21 02:35:43 status half-installed libgcc-s1:amd64 14.2.0-4ubuntu2
2025-03-21 02:35:43 status unpacked libgcc-s1:amd64 14.2.0-4ubuntu2
2025-03-21 02:35:43 install coreutils:amd64 <none> 9.4-3.1ubuntu1
2025-03-21 02:35:43 status half-installed coreutils:amd64 9.4-3.1ubuntu1
2025-03-21 02:35:44 status unpacked coreutils:amd64 9.4-3.1ubuntu1
2025-03-21 02:35:44 install libuuid1:amd64 <none> 2.40.2-1ubuntu1
2025-03-21 02:35:44 status half-installed libuuid1:amd64 2.40.2-1ubuntu1
2025-03-21 02:35:44 status unpacked libuuid1:amd64 2.40.2-1ubuntu1
2025-03-21 02:35:44 install ncurses-bin:amd64 <none> 6.5-2
2025-03-21 02:35:44 status half-installed ncurses-bin:amd64 6.5-2
2025-03-21 02:35:44 status unpacked ncurses-bin:amd64 6.5-2
2025-03-21 02:35:44 install debconf:all <none> 1.5.86ubuntu1
2025-03-21 02:35:44 status half-installed debconf:all 1.5.86ubuntu1
2025-03-21 02:35:44 status unpacked debconf:all 1.5.86ubuntu1
2025-03-21 02:35:44 install libsmartcols1:amd64 <none> 2.40.2-1ubuntu1
2025-03-21 02:35:44 status half-installed libsmartcols1:amd64 2.40.2-1ubuntu1
2025-03-21 02:35:44 status unpacked libsmartcols1:amd64 2.40.2-1ubuntu1
2025-03-21 02:35:44 install findutils:amd64 <none> 4.10.0-3
2025-03-21 02:35:44 status half-installed findutils:amd64 4.10.0-3
2025-03-21 02:35:44 status unpacked findutils:amd64 4.10.0-3
2025-03-21 02:35:44 install ncurses-base:all <none> 6.5-2
2025-03-21 02:35:44 status half-installed ncurses-base:all 6.5-2
2025-03-21 02:35:44 status unpacked ncurses-base:all 6.5-2
2025-03-21 02:35:44 install libpam-runtime:all <none> 1.5.3-7ubuntu2
2025-03-21 02:35:44 status half-installed libpam-runtime:all 1.5.3-7ubuntu2
2025-03-21 02:35:44 status unpacked libpam-runtime:all 1.5.3-7ubuntu2
2025-03-21 02:35:44 install grep:amd64 <none> 3.11-4build1
2025-03-21 02:35:44 status half-installed grep:amd64 3.11-4build1
2025-03-21 02:35:44 status unpacked grep:amd64 3.11-4build1
2025-03-21 02:35:44 install libblkid1:amd64 <none> 2.40.2-1ubuntu1
2025-03-21 02:35:44 status half-installed libblkid1:amd64 2.40.2-1ubuntu1
2025-03-21 02:35:44 status unpacked libblkid1:amd64 2.40.2-1ubuntu1
2025-03-21 02:35:44 install libcap-ng0:amd64 <none> 0.8.5-1
2025-03-21 02:35:44 status half-installed libcap-ng0:amd64 0.8.5-1
2025-03-21 02:35:44 status unpacked libcap-ng0:amd64 0.8.5-1
2025-03-21 02:35:44 install libc-bin:amd64 <none> 2.40-1ubuntu3
2025-03-21 02:35:44 status half-installed libc-bin:amd64 2.40-1ubuntu3
2025-03-21 02:35:44 status unpacked libc-bin:amd64 2.40-1ubuntu3
2025-03-21 02:35:44 install base-files:amd64 <none> 13.3ubuntu6
2025-03-21 02:35:44 status half-installed base-files:amd64 13.3ubuntu6
2025-03-21 02:35:44 status unpacked base-files:amd64 13.3ubuntu6
2025-03-21 02:35:44 configure libaudit-common:all 1:4.0.1-1ubuntu2 1:4.0.1-1ubuntu2
2025-03-21 02:35:44 status half-configured libaudit-common:all 1:4.0.1-1ubuntu2
2025-03-21 02:35:44 status installed libaudit-common:all 1:4.0.1-1ubuntu2
2025-03-21 02:35:44 configure init-system-helpers:all 1.66ubuntu1 1.66ubuntu1
2025-03-21 02:35:44 status half-configured init-system-helpers:all 1.66ubuntu1
2025-03-21 02:35:44 status installed init-system-helpers:all 1.66ubuntu1
2025-03-21 02:35:44 configure gcc-14-base:amd64 14.2.0-4ubuntu2 14.2.0-4ubuntu2
2025-03-21 02:35:44 status half-configured gcc-14-base:amd64 14.2.0-4ubuntu2
2025-03-21 02:35:44 status installed gcc-14-base:amd64 14.2.0-4ubuntu2
2025-03-21 02:35:44 configure debconf:all 1.5.86ubuntu1 1.5.86ubuntu1
2025-03-21 02:35:44 status half-configured debconf:all 1.5.86ubuntu1
2025-03-21 02:35:44 status installed debconf:all 1.5.86ubuntu1
2025-03-21 02:35:44 configure ncurses-base:all 6.5-2 6.5-2
2025-03-21 02:35:44 status half-configured ncurses-base:all 6.5-2
2025-03-21 02:35:44 status installed ncurses-base:all 6.5-2
2025-03-21 02:35:44 configure libgcc-s1:amd64 14.2.0-4ubuntu2 14.2.0-4ubuntu2
2025-03-21 02:35:44 status half-configured libgcc-s1:amd64 14.2.0-4ubuntu2
2025-03-21 02:35:44 status installed libgcc-s1:amd64 14.2.0-4ubuntu2
2025-03-21 02:35:44 configure libc6:amd64 2.40-1ubuntu3 2.40-1ubuntu3
2025-03-21 02:35:44 status half-configured libc6:amd64 2.40-1ubuntu3
2025-03-21 02:35:45 status installed libc6:amd64 2.40-1ubuntu3
2025-03-21 02:35:45 configure debianutils:amd64 5.20 5.20
2025-03-21 02:35:45 status half-configured debianutils:amd64 5.20
2025-03-21 02:35:45 status installed debianutils:amd64 5.20
2025-03-21 02:35:45 configure liblzma5:amd64 5.6.2-2 5.6.2-2
2025-03-21 02:35:45 status half-configured liblzma5:amd64 5.6.2-2
2025-03-21 02:35:45 status installed liblzma5:amd64 5.6.2-2
2025-03-21 02:35:45 configure libzstd1:amd64 1.5.6+dfsg-1 1.5.6+dfsg-1
2025-03-21 02:35:45 status half-configured libzstd1:amd64 1.5.6+dfsg-1
2025-03-21 02:35:45 status installed libzstd1:amd64 1.5.6+dfsg-1
2025-03-21 02:35:45 configure libgmp10:amd64 2:6.3.0+dfsg-2ubuntu7 2:6.3.0+dfsg-2ubuntu7
2025-03-21 02:35:45 status half-configured libgmp10:amd64 2:6.3.0+dfsg-2ubuntu7
2025-03-21 02:35:45 status installed libgmp10:amd64 2:6.3.0+dfsg-2ubuntu7
2025-03-21 02:35:45 configure libmd0:amd64 1.1.0-2build2 1.1.0-2build2
2025-03-21 02:35:45 status half-configured libmd0:amd64 1.1.0-2build2
2025-03-21 02:35:45 status installed libmd0:amd64 1.1.0-2build2
2025-03-21 02:35:45 configure libbz2-1.0:amd64 1.0.8-6 1.0.8-6
2025-03-21 02:35:45 status half-configured libbz2-1.0:amd64 1.0.8-6
2025-03-21 02:35:45 status installed libbz2-1.0:amd64 1.0.8-6
2025-03-21 02:35:45 configure libcrypt1:amd64 1:4.4.36-4build1 1:4.4.36-4build1
2025-03-21 02:35:45 status half-configured libcrypt1:amd64 1:4.4.36-4build1
2025-03-21 02:35:45 status installed libcrypt1:amd64 1:4.4.36-4build1
2025-03-21 02:35:45 configure mawk:amd64 1.3.4.20240622-2 1.3.4.20240622-2
2025-03-21 02:35:45 status half-configured mawk:amd64 1.3.4.20240622-2
2025-03-21 02:35:45 status installed mawk:amd64 1.3.4.20240622-2
2025-03-21 02:35:45 configure libpcre2-8-0:amd64 10.42-4ubuntu3 10.42-4ubuntu3
2025-03-21 02:35:45 status half-configured libpcre2-8-0:amd64 10.42-4ubuntu3
2025-03-21 02:35:45 status installed libpcre2-8-0:amd64 10.42-4ubuntu3
2025-03-21 02:35:45 configure libtinfo6:amd64 6.5-2 6.5-2
2025-03-21 02:35:45 status half-configured libtinfo6:amd64 6.5-2
2025-03-21 02:35:45 status installed libtinfo6:amd64 6.5-2
2025-03-21 02:35:45 configure libdb5.3t64:amd64 5.3.28+dfsg2-7 5.3.28+dfsg2-7
2025-03-21 02:35:45 status half-configured libdb5.3t64:amd64 5.3.28+dfsg2-7
2025-03-21 02:35:45 status installed libdb5.3t64:amd64 5.3.28+dfsg2-7
2025-03-21 02:35:45 configure zlib1g:amd64 1:1.3.dfsg+really1.3.1-1ubuntu1 1:1.3.dfsg+really1.3.1-1ubuntu1
2025-03-21 02:35:45 status half-configured zlib1g:amd64 1:1.3.dfsg+really1.3.1-1ubuntu1
2025-03-21 02:35:45 status installed zlib1g:amd64 1:1.3.dfsg+really1.3.1-1ubuntu1
2025-03-21 02:35:45 configure libacl1:amd64 2.3.2-2 2.3.2-2
2025-03-21 02:35:45 status half-configured libacl1:amd64 2.3.2-2
2025-03-21 02:35:45 status installed libacl1:amd64 2.3.2-2
2025-03-21 02:35:45 configure sysvinit-utils:amd64 3.08-6ubuntu3 3.08-6ubuntu3
2025-03-21 02:35:45 status half-configured sysvinit-utils:amd64 3.08-6ubuntu3
2025-03-21 02:35:45 status installed sysvinit-utils:amd64 3.08-6ubuntu3
2025-03-21 02:35:45 configure diffutils:amd64 1:3.10-1build1 1:3.10-1build1
2025-03-21 02:35:45 status half-configured diffutils:amd64 1:3.10-1build1
2025-03-21 02:35:45 status installed diffutils:amd64 1:3.10-1build1
2025-03-21 02:35:45 configure libcap2:amd64 1:2.66-5ubuntu3 1:2.66-5ubuntu3
2025-03-21 02:35:45 status half-configured libcap2:amd64 1:2.66-5ubuntu3
2025-03-21 02:35:45 status installed libcap2:amd64 1:2.66-5ubuntu3
2025-03-21 02:35:45 configure libdebconfclient0:amd64 0.272ubuntu1 0.272ubuntu1
2025-03-21 02:35:45 status half-configured libdebconfclient0:amd64 0.272ubuntu1
2025-03-21 02:35:45 status installed libdebconfclient0:amd64 0.272ubuntu1
2025-03-21 02:35:45 configure dash:amd64 0.5.12-9ubuntu1 0.5.12-9ubuntu1
2025-03-21 02:35:45 status half-configured dash:amd64 0.5.12-9ubuntu1
2025-03-21 02:35:45 status installed dash:amd64 0.5.12-9ubuntu1
2025-03-21 02:35:45 configure libssl3t64:amd64 3.3.1-2ubuntu2 3.3.1-2ubuntu2
2025-03-21 02:35:45 status half-configured libssl3t64:amd64 3.3.1-2ubuntu2
2025-03-21 02:35:45 status installed libssl3t64:amd64 3.3.1-2ubuntu2
2025-03-21 02:35:45 configure libuuid1:amd64 2.40.2-1ubuntu1 2.40.2-1ubuntu1
2025-03-21 02:35:45 status half-configured libuuid1:amd64 2.40.2-1ubuntu1
2025-03-21 02:35:45 status installed libuuid1:amd64 2.40.2-1ubuntu1
2025-03-21 02:35:45 configure ncurses-bin:amd64 6.5-2 6.5-2
2025-03-21 02:35:45 status half-configured ncurses-bin:amd64 6.5-2
2025-03-21 02:35:45 status installed ncurses-bin:amd64 6.5-2
2025-03-21 02:35:45 configure libsmartcols1:amd64 2.40.2-1ubuntu1 2.40.2-1ubuntu1
2025-03-21 02:35:45 status half-configured libsmartcols1:amd64 2.40.2-1ubuntu1
2025-03-21 02:35:45 status installed libsmartcols1:amd64 2.40.2-1ubuntu1
2025-03-21 02:35:45 configure grep:amd64 3.11-4build1 3.11-4build1
2025-03-21 02:35:45 status half-configured grep:amd64 3.11-4build1
2025-03-21 02:35:45 status installed grep:amd64 3.11-4build1
2025-03-21 02:35:45 configure libblkid1:amd64 2.40.2-1ubuntu1 2.40.2-1ubuntu1
2025-03-21 02:35:45 status half-configured libblkid1:amd64 2.40.2-1ubuntu1
2025-03-21 02:35:45 status installed libblkid1:amd64 2.40.2-1ubuntu1
2025-03-21 02:35:45 configure libcap-ng0:amd64 0.8.5-1 0.8.5-1
2025-03-21 02:35:45 status half-configured libcap-ng0:amd64 0.8.5-1
2025-03-21 02:35:45 status installed libcap-ng0:amd64 0.8.5-1
2025-03-21 02:35:45 configure libc-bin:amd64 2.40-1ubuntu3 2.40-1ubuntu3
2025-03-21 02:35:45 status half-configured libc-bin:amd64 2.40-1ubuntu3
2025-03-21 02:35:45 status installed libc-bin:amd64 2.40-1ubuntu3
2025-03-21 02:35:45 configure base-files:amd64 13.3ubuntu6 13.3ubuntu6
2025-03-21 02:35:45 status half-configured base-files:amd64 13.3ubuntu6
2025-03-21 02:35:45 status installed base-files:amd64 13.3ubuntu6
2025-03-21 02:35:45 configure libudev1:amd64 256.5-2ubuntu3 256.5-2ubuntu3
2025-03-21 02:35:45 status triggers-pending libc-bin:amd64 2.40-1ubuntu3
2025-03-21 02:35:45 status half-configured libudev1:amd64 256.5-2ubuntu3
2025-03-21 02:35:45 status installed libudev1:amd64 256.5-2ubuntu3
2025-03-21 02:35:45 configure hostname:amd64 3.23+nmu2ubuntu2 3.23+nmu2ubuntu2
2025-03-21 02:35:45 status half-configured hostname:amd64 3.23+nmu2ubuntu2
2025-03-21 02:35:45 status installed hostname:amd64 3.23+nmu2ubuntu2
2025-03-21 02:35:45 configure libattr1:amd64 1:2.5.2-1build2 1:2.5.2-1build2
2025-03-21 02:35:45 status half-configured libattr1:amd64 1:2.5.2-1build2
2025-03-21 02:35:45 status installed libattr1:amd64 1:2.5.2-1build2
2025-03-21 02:35:45 configure libselinux1:amd64 3.5-2ubuntu5 3.5-2ubuntu5
2025-03-21 02:35:45 status half-configured libselinux1:amd64 3.5-2ubuntu5
2025-03-21 02:35:45 status installed libselinux1:amd64 3.5-2ubuntu5
2025-03-21 02:35:45 configure libaudit1:amd64 1:4.0.1-1ubuntu2 1:4.0.1-1ubuntu2
2025-03-21 02:35:45 status half-configured libaudit1:amd64 1:4.0.1-1ubuntu2
2025-03-21 02:35:45 status installed libaudit1:amd64 1:4.0.1-1ubuntu2
2025-03-21 02:35:45 configure bash:amd64 5.2.32-1ubuntu1 5.2.32-1ubuntu1
2025-03-21 02:35:45 status half-configured bash:amd64 5.2.32-1ubuntu1
2025-03-21 02:35:45 status installed bash:amd64 5.2.32-1ubuntu1
2025-03-21 02:35:45 configure sed:amd64 4.9-2build1 4.9-2build1
2025-03-21 02:35:45 status half-configured sed:amd64 4.9-2build1
2025-03-21 02:35:45 status installed sed:amd64 4.9-2build1
2025-03-21 02:35:45 configure libsystemd0:amd64 256.5-2ubuntu3 256.5-2ubuntu3
2025-03-21 02:35:45 status half-configured libsystemd0:amd64 256.5-2ubuntu3
2025-03-21 02:35:45 status installed libsystemd0:amd64 256.5-2ubuntu3
2025-03-21 02:35:45 configure base-passwd:amd64 3.6.4 3.6.4
2025-03-21 02:35:45 status half-configured base-passwd:amd64 3.6.4
2025-03-21 02:35:45 status installed base-passwd:amd64 3.6.4
2025-03-21 02:35:45 configure libmount1:amd64 2.40.2-1ubuntu1 2.40.2-1ubuntu1
2025-03-21 02:35:45 status half-configured libmount1:amd64 2.40.2-1ubuntu1
2025-03-21 02:35:45 status installed libmount1:amd64 2.40.2-1ubuntu1
2025-03-21 02:35:45 configure coreutils:amd64 9.4-3.1ubuntu1 9.4-3.1ubuntu1
2025-03-21 02:35:45 status half-configured coreutils:amd64 9.4-3.1ubuntu1
2025-03-21 02:35:45 status installed coreutils:amd64 9.4-3.1ubuntu1
2025-03-21 02:35:45 configure findutils:amd64 4.10.0-3 4.10.0-3
2025-03-21 02:35:45 status half-configured findutils:amd64 4.10.0-3
2025-03-21 02:35:45 status installed findutils:amd64 4.10.0-3
2025-03-21 02:35:45 configure libpam0g:amd64 1.5.3-7ubuntu2 1.5.3-7ubuntu2
2025-03-21 02:35:45 status half-configured libpam0g:amd64 1.5.3-7ubuntu2
2025-03-21 02:35:45 status installed libpam0g:amd64 1.5.3-7ubuntu2
2025-03-21 02:35:45 configure tar:amd64 1.35+dfsg-3build1 1.35+dfsg-3build1
2025-03-21 02:35:45 status half-configured tar:amd64 1.35+dfsg-3build1
2025-03-21 02:35:45 status installed tar:amd64 1.35+dfsg-3build1
2025-03-21 02:35:45 configure dpkg:amd64 1.22.11ubuntu1 1.22.11ubuntu1
2025-03-21 02:35:45 status half-configured dpkg:amd64 1.22.11ubuntu1
2025-03-21 02:35:45 status installed dpkg:amd64 1.22.11ubuntu1
2025-03-21 02:35:46 configure gzip:amd64 1.12-1.1ubuntu1 1.12-1.1ubuntu1
2025-03-21 02:35:46 status half-configured gzip:amd64 1.12-1.1ubuntu1
2025-03-21 02:35:46 status installed gzip:amd64 1.12-1.1ubuntu1
2025-03-21 02:35:46 configure perl-base:amd64 5.38.2-5 5.38.2-5
2025-03-21 02:35:46 status half-configured perl-base:amd64 5.38.2-5
2025-03-21 02:35:46 status installed perl-base:amd64 5.38.2-5
2025-03-21 02:35:46 configure bsdutils:amd64 1:2.40.2-1ubuntu1 1:2.40.2-1ubuntu1
2025-03-21 02:35:46 status half-configured bsdutils:amd64 1:2.40.2-1ubuntu1
2025-03-21 02:35:46 status installed bsdutils:amd64 1:2.40.2-1ubuntu1
2025-03-21 02:35:46 configure libpam-modules-bin:amd64 1.5.3-7ubuntu2 1.5.3-7ubuntu2
2025-03-21 02:35:46 status half-configured libpam-modules-bin:amd64 1.5.3-7ubuntu2
2025-03-21 02:35:46 status installed libpam-modules-bin:amd64 1.5.3-7ubuntu2
2025-03-21 02:35:46 configure libpam-modules:amd64 1.5.3-7ubuntu2 1.5.3-7ubuntu2
2025-03-21 02:35:46 status half-configured libpam-modules:amd64 1.5.3-7ubuntu2
2025-03-21 02:35:46 status installed libpam-modules:amd64 1.5.3-7ubuntu2
2025-03-21 02:35:46 configure libpam-runtime:all 1.5.3-7ubuntu2 1.5.3-7ubuntu2
2025-03-21 02:35:46 status half-configured libpam-runtime:all 1.5.3-7ubuntu2
2025-03-21 02:35:46 status installed libpam-runtime:all 1.5.3-7ubuntu2
2025-03-21 02:35:46 configure util-linux:amd64 2.40.2-1ubuntu1 2.40.2-1ubuntu1
2025-03-21 02:35:46 status half-configured util-linux:amd64 2.40.2-1ubuntu1
2025-03-21 02:35:46 status installed util-linux:amd64 2.40.2-1ubuntu1
2025-03-21 02:35:46 trigproc libc-bin:amd64 2.40-1ubuntu3 2.40-1ubuntu3
2025-03-21 02:35:46 status half-configured libc-bin:amd64 2.40-1ubuntu3
2025-03-21 02:35:46 status installed libc-bin:amd64 2.40-1ubuntu3
2025-03-21 02:35:49 startup archives install
2025-03-21 02:35:50 install libnettle8t64:amd64 <none> 3.10-1
2025-03-21 02:35:50 status triggers-pending libc-bin:amd64 2.40-1ubuntu3
2025-03-21 02:35:50 status half-installed libnettle8t64:amd64 3.10-1
2025-03-21 02:35:50 status unpacked libnettle8t64:amd64 3.10-1
2025-03-21 02:35:50 install libgpg-error0:amd64 <none> 1.50-4
2025-03-21 02:35:50 status half-installed libgpg-error0:amd64 1.50-4
2025-03-21 02:35:50 status unpacked libgpg-error0:amd64 1.50-4
2025-03-21 02:35:50 install libhogweed6t64:amd64 <none> 3.10-1
2025-03-21 02:35:50 status half-installed libhogweed6t64:amd64 3.10-1
2025-03-21 02:35:50 status unpacked libhogweed6t64:amd64 3.10-1
2025-03-21 02:35:50 install libp11-kit0:amd64 <none> 0.25.5-2ubuntu1
2025-03-21 02:35:50 status half-installed libp11-kit0:amd64 0.25.5-2ubuntu1
2025-03-21 02:35:50 status unpacked libp11-kit0:amd64 0.25.5-2ubuntu1
2025-03-21 02:35:50 install ubuntu-keyring:all <none> 2023.11.28.1
2025-03-21 02:35:50 status half-installed ubuntu-keyring:all 2023.11.28.1
2025-03-21 02:35:50 status unpacked ubuntu-keyring:all 2023.11.28.1
2025-03-21 02:35:50 install libunistring5:amd64 <none> 1.2-1
2025-03-21 02:35:50 status half-installed libunistring5:amd64 1.2-1
2025-03-21 02:35:50 status unpacked libunistring5:amd64 1.2-1
2025-03-21 02:35:50 install liblz4-1:amd64 <none> 1.9.4-3
2025-03-21 02:35:50 status half-installed liblz4-1:amd64 1.9.4-3
2025-03-21 02:35:50 status unpacked liblz4-1:amd64 1.9.4-3
2025-03-21 02:35:50 install libseccomp2:amd64 <none> 2.5.5-1ubuntu4
2025-03-21 02:35:50 status half-installed libseccomp2:amd64 2.5.5-1ubuntu4
2025-03-21 02:35:50 status unpacked libseccomp2:amd64 2.5.5-1ubuntu4
2025-03-21 02:35:50 install apt:amd64 <none> 2.9.8
2025-03-21 02:35:50 status half-installed apt:amd64 2.9.8
2025-03-21 02:35:51 status unpacked apt:amd64 2.9.8
2025-03-21 02:35:51 install libtasn1-6:amd64 <none> 4.19.0-3build1
2025-03-21 02:35:51 status half-installed libtasn1-6:amd64 4.19.0-3build1
2025-03-21 02:35:51 status unpacked libtasn1-6:amd64 4.19.0-3build1
2025-03-21 02:35:51 install libxxhash0:amd64 <none> 0.8.2-2build1
2025-03-21 02:35:51 status half-installed libxxhash0:amd64 0.8.2-2build1
2025-03-21 02:35:51 status unpacked libxxhash0:amd64 0.8.2-2build1
2025-03-21 02:35:51 install libgcrypt20:amd64 <none> 1.11.0-6ubuntu1
2025-03-21 02:35:51 status half-installed libgcrypt20:amd64 1.11.0-6ubuntu1
2025-03-21 02:35:51 status unpacked libgcrypt20:amd64 1.11.0-6ubuntu1
2025-03-21 02:35:51 install libffi8:amd64 <none> 3.4.6-1build1
2025-03-21 02:35:51 status half-installed libffi8:amd64 3.4.6-1build1
2025-03-21 02:35:51 status unpacked libffi8:amd64 3.4.6-1build1
2025-03-21 02:35:51 install libidn2-0:amd64 <none> 2.3.7-2build2
2025-03-21 02:35:51 status half-installed libidn2-0:amd64 2.3.7-2build2
2025-03-21 02:35:51 status unpacked libidn2-0:amd64 2.3.7-2build2
2025-03-21 02:35:51 install libstdc++6:amd64 <none> 14.2.0-4ubuntu2
2025-03-21 02:35:51 status half-installed libstdc++6:amd64 14.2.0-4ubuntu2
2025-03-21 02:35:51 status unpacked libstdc++6:amd64 14.2.0-4ubuntu2
2025-03-21 02:35:51 install libgnutls30t64:amd64 <none> 3.8.6-2ubuntu1
2025-03-21 02:35:51 status half-installed libgnutls30t64:amd64 3.8.6-2ubuntu1
2025-03-21 02:35:51 status unpacked libgnutls30t64:amd64 3.8.6-2ubuntu1
2025-03-21 02:35:51 install libapt-pkg6.0t64:amd64 <none> 2.9.8
2025-03-21 02:35:51 status half-installed libapt-pkg6.0t64:amd64 2.9.8
2025-03-21 02:35:51 status unpacked libapt-pkg6.0t64:amd64 2.9.8
2025-03-21 02:35:51 install gpgv:amd64 <none> 2.4.4-2ubuntu18
2025-03-21 02:35:51 status half-installed gpgv:amd64 2.4.4-2ubuntu18
2025-03-21 02:35:51 status unpacked gpgv:amd64 2.4.4-2ubuntu18
2025-03-21 02:35:51 install libnpth0t64:amd64 <none> 1.6-3.1build1
2025-03-21 02:35:51 status half-installed libnpth0t64:amd64 1.6-3.1build1
2025-03-21 02:35:51 status unpacked libnpth0t64:amd64 1.6-3.1build1
2025-03-21 02:35:51 install libassuan0:amd64 <none> 2.5.6-1build1
2025-03-21 02:35:51 status half-installed libassuan0:amd64 2.5.6-1build1
2025-03-21 02:35:51 status unpacked libassuan0:amd64 2.5.6-1build1
2025-03-21 02:35:51 configure libnettle8t64:amd64 3.10-1 3.10-1
2025-03-21 02:35:51 status half-configured libnettle8t64:amd64 3.10-1
2025-03-21 02:35:51 status installed libnettle8t64:amd64 3.10-1
2025-03-21 02:35:51 configure libgpg-error0:amd64 1.50-4 1.50-4
2025-03-21 02:35:51 status half-configured libgpg-error0:amd64 1.50-4
2025-03-21 02:35:51 status installed libgpg-error0:amd64 1.50-4
2025-03-21 02:35:51 configure libhogweed6t64:amd64 3.10-1 3.10-1
2025-03-21 02:35:51 status half-configured libhogweed6t64:amd64 3.10-1
2025-03-21 02:35:51 status installed libhogweed6t64:amd64 3.10-1
2025-03-21 02:35:51 configure ubuntu-keyring:all 2023.11.28.1 2023.11.28.1
2025-03-21 02:35:51 status half-configured ubuntu-keyring:all 2023.11.28.1
2025-03-21 02:35:51 status installed ubuntu-keyring:all 2023.11.28.1
2025-03-21 02:35:51 configure libunistring5:amd64 1.2-1 1.2-1
2025-03-21 02:35:51 status half-configured libunistring5:amd64 1.2-1
2025-03-21 02:35:51 status installed libunistring5:amd64 1.2-1
2025-03-21 02:35:51 configure libseccomp2:amd64 2.5.5-1ubuntu4 2.5.5-1ubuntu4
2025-03-21 02:35:51 status half-configured libseccomp2:amd64 2.5.5-1ubuntu4
2025-03-21 02:35:51 status installed libseccomp2:amd64 2.5.5-1ubuntu4
2025-03-21 02:35:51 configure libtasn1-6:amd64 4.19.0-3build1 4.19.0-3build1
2025-03-21 02:35:51 status half-configured libtasn1-6:amd64 4.19.0-3build1
2025-03-21 02:35:51 status installed libtasn1-6:amd64 4.19.0-3build1
2025-03-21 02:35:51 configure libxxhash0:amd64 0.8.2-2build1 0.8.2-2build1
2025-03-21 02:35:51 status half-configured libxxhash0:amd64 0.8.2-2build1
2025-03-21 02:35:51 status installed libxxhash0:amd64 0.8.2-2build1
2025-03-21 02:35:51 configure libgcrypt20:amd64 1.11.0-6ubuntu1 1.11.0-6ubuntu1
2025-03-21 02:35:51 status half-configured libgcrypt20:amd64 1.11.0-6ubuntu1
2025-03-21 02:35:51 status installed libgcrypt20:amd64 1.11.0-6ubuntu1
2025-03-21 02:35:51 configure libffi8:amd64 3.4.6-1build1 3.4.6-1build1
2025-03-21 02:35:51 status half-configured libffi8:amd64 3.4.6-1build1
2025-03-21 02:35:51 status installed libffi8:amd64 3.4.6-1build1
2025-03-21 02:35:51 configure libidn2-0:amd64 2.3.7-2build2 2.3.7-2build2
2025-03-21 02:35:51 status half-configured libidn2-0:amd64 2.3.7-2build2
2025-03-21 02:35:51 status installed libidn2-0:amd64 2.3.7-2build2
2025-03-21 02:35:51 configure libstdc++6:amd64 14.2.0-4ubuntu2 14.2.0-4ubuntu2
2025-03-21 02:35:51 status half-configured libstdc++6:amd64 14.2.0-4ubuntu2
2025-03-21 02:35:51 status installed libstdc++6:amd64 14.2.0-4ubuntu2
2025-03-21 02:35:51 configure libnpth0t64:amd64 1.6-3.1build1 1.6-3.1build1
2025-03-21 02:35:51 status half-configured libnpth0t64:amd64 1.6-3.1build1
2025-03-21 02:35:51 status installed libnpth0t64:amd64 1.6-3.1build1
2025-03-21 02:35:51 configure libassuan0:amd64 2.5.6-1build1 2.5.6-1build1
2025-03-21 02:35:51 status half-configured libassuan0:amd64 2.5.6-1build1
2025-03-21 02:35:51 status installed libassuan0:amd64 2.5.6-1build1
2025-03-21 02:35:51 configure libp11-kit0:amd64 0.25.5-2ubuntu1 0.25.5-2ubuntu1
2025-03-21 02:35:51 status half-configured libp11-kit0:amd64 0.25.5-2ubuntu1
2025-03-21 02:35:51 status installed libp11-kit0:amd64 0.25.5-2ubuntu1
2025-03-21 02:35:51 configure liblz4-1:amd64 1.9.4-3 1.9.4-3
2025-03-21 02:35:51 status half-configured liblz4-1:amd64 1.9.4-3
2025-03-21 02:35:51 status installed liblz4-1:amd64 1.9.4-3
2025-03-21 02:35:51 configure libgnutls30t64:amd64 3.8.6-2ubuntu1 3.8.6-2ubuntu1
2025-03-21 02:35:51 status half-configured libgnutls30t64:amd64 3.8.6-2ubuntu1
2025-03-21 02:35:51 status installed libgnutls30t64:amd64 3.8.6-2ubuntu1
2025-03-21 02:35:51 configure libapt-pkg6.0t64:amd64 2.9.8 2.9.8
2025-03-21 02:35:51 status half-configured libapt-pkg6.0t64:amd64 2.9.8
2025-03-21 02:35:51 status installed libapt-pkg6.0t64:amd64 2.9.8
2025-03-21 02:35:51 configure gpgv:amd64 2.4.4-2ubuntu18 2.4.4-2ubuntu18
2025-03-21 02:35:51 status half-configured gpgv:amd64 2.4.4-2ubuntu18
2025-03-21 02:35:51 status installed gpgv:amd64 2.4.4-2ubuntu18
2025-03-21 02:35:51 configure apt:amd64 2.9.8 2.9.8
2025-03-21 02:35:51 status half-configured apt:amd64 2.9.8
2025-03-21 02:35:52 status installed apt:amd64 2.9.8
2025-03-21 02:35:52 trigproc libc-bin:amd64 2.40-1ubuntu3 <none>
2025-03-21 02:35:52 status half-configured libc-bin:amd64 2.40-1ubuntu3
2025-03-21 02:35:52 status installed libc-bin:amd64 2.40-1ubuntu3
